<?xml version="1.0" encoding="UTF-8"?>
<testng-results ignored="0" total="1" passed="1" failed="0" skipped="0">
  <reporter-output>
  </reporter-output>
  <suite started-at="2019-08-11T20:39:02 EEST" name="Default Suite" finished-at="2019-08-11T20:39:02 EEST" duration-ms="147">
    <groups>
    </groups>
    <test started-at="2019-08-11T20:39:02 EEST" name="Live_Project_1" finished-at="2019-08-11T20:39:02 EEST" duration-ms="147">
      <class name="com.w2a.testcases.LoginTest">
        <test-method is-config="true" signature="setUp()[pri:0, instance:com.w2a.testcases.LoginTest@6b4a4e18]" started-at="2019-08-11T20:38:50 EEST" name="setUp" finished-at="2019-08-11T20:39:02 EEST" duration-ms="11898" status="PASS">
          <reporter-output>
          </reporter-output>
        </test-method> <!-- setUp -->
        <test-method signature="loginAsBankManager()[pri:0, instance:com.w2a.testcases.LoginTest@6b4a4e18]" started-at="2019-08-11T20:39:02 EEST" name="loginAsBankManager" finished-at="2019-08-11T20:39:02 EEST" duration-ms="108" status="PASS">
          <reporter-output>
          </reporter-output>
        </test-method> <!-- loginAsBankManager -->
        <test-method is-config="true" signature="tearDown()[pri:0, instance:com.w2a.testcases.LoginTest@6b4a4e18]" started-at="2019-08-11T20:39:02 EEST" name="tearDown" finished-at="2019-08-11T20:39:03 EEST" duration-ms="849" status="PASS">
          <reporter-output>
          </reporter-output>
        </test-method> <!-- tearDown -->
      </class> <!-- com.w2a.testcases.LoginTest -->
    </test> <!-- Live_Project_1 -->
  </suite> <!-- Default Suite -->
</testng-results>
