<?xml version="1.0" encoding="UTF-8"?>
<testng-results ignored="0" total="1" passed="1" failed="0" skipped="0">
  <reporter-output>
  </reporter-output>
  <suite started-at="2019-08-10T18:58:08Z" name="Default Suite" finished-at="2019-08-10T18:58:11Z" duration-ms="3132">
    <groups>
    </groups>
    <test started-at="2019-08-10T18:58:08Z" name="Live_Project_1" finished-at="2019-08-10T18:58:11Z" duration-ms="3132">
      <class name="com.w2a.testcases.LoginTest">
        <test-method is-config="true" signature="setUp()[pri:0, instance:com.w2a.testcases.LoginTest@35a50a4c]" started-at="2019-08-10T21:57:55Z" name="setUp" finished-at="2019-08-10T21:58:08Z" duration-ms="12858" status="PASS">
          <reporter-output>
          </reporter-output>
        </test-method> <!-- setUp -->
        <test-method signature="loginAsBankManager()[pri:0, instance:com.w2a.testcases.LoginTest@35a50a4c]" started-at="2019-08-10T21:58:08Z" name="loginAsBankManager" finished-at="2019-08-10T21:58:11Z" duration-ms="3116" status="PASS">
          <reporter-output>
          </reporter-output>
        </test-method> <!-- loginAsBankManager -->
        <test-method is-config="true" signature="tearDown()[pri:0, instance:com.w2a.testcases.LoginTest@35a50a4c]" started-at="2019-08-10T21:58:11Z" name="tearDown" finished-at="2019-08-10T21:58:12Z" duration-ms="799" status="PASS">
          <reporter-output>
          </reporter-output>
        </test-method> <!-- tearDown -->
      </class> <!-- com.w2a.testcases.LoginTest -->
    </test> <!-- Live_Project_1 -->
  </suite> <!-- Default Suite -->
</testng-results>
